<?xml version="1.0" encoding="UTF-8"?>
<!-- Generated by org.testng.reporters.JUnitReportReporter -->
<testsuite hostname="DESKTOP-A18ATTF" failures="0" tests="1" name="com.demo.runner.Train_Booking" time="37.285" errors="0" timestamp="2023-10-16T12:39:03 IST" skipped="0">
  <testcase classname="com.demo.runner.Train_Booking" name="searchTrain" time="37.285"/>
  <system-out/>
</testsuite> <!-- com.demo.runner.Train_Booking -->
