<?xml version="1.0" encoding="UTF-8"?>
<!-- Generated by org.testng.reporters.JUnitReportReporter -->
<testsuite hostname="LAPTOP-1CB0B1UK" failures="0" tests="1" name="com.demo.runner.BaseRunner" time="42.905" errors="0" timestamp="2024-01-04T20:20:33 IST" skipped="0">
  <testcase classname="com.demo.runner.BaseRunner" name="navigation" time="42.905"/>
  <system-out/>
</testsuite> <!-- com.demo.runner.BaseRunner -->
